<?xml version="1.0" encoding="UTF-8"?>
<testsuite xmlns:xsi="http://www.w3.org/2001/XMLSchema-instance" xsi:noNamespaceSchemaLocation="https://maven.apache.org/surefire/maven-surefire-plugin/xsd/surefire-test-report-3.0.xsd" version="3.0" name="proj3.example.student_survey.StudentSurveyApplicationTests" time="6.644" tests="1" errors="0" skipped="0" failures="0">
  <properties>
[...]
</properties>
  <testcase name="contextLoads" classname="proj3.example.student_survey.StudentSurveyApplicationTests" time="0.925">
    <system-out><![CDATA[11:15:29.504 [main] INFO org.springframework.test.context.support.AnnotationConfigContextLoaderUtils -- Could not detect default configuration classes for test class [proj3.example.student_survey.StudentSurveyApplicationTests]: StudentSurveyApplicationTests does not declare any static, non-private, non-final, nested classes annotated with @Configuration.
11:15:29.635 [main] INFO org.springframework.boot.test.context.SpringBootTestContextBootstrapper -- Found @SpringBootConfiguration proj3.example.student_survey.StudentSurveyApplication for test class proj3.example.student_survey.StudentSurveyApplicationTests

  .   ____          _            __ _ _
 /\\ / ___'_ __ _ _(_)_ __  __ _ \ \ \ \
( ( )\___ | '_ | '_| | '_ \/ _` | \ \ \ \
 \\/  ___)| |_)| | | | | || (_| |  ) ) ) )
  '  |____| .__|_| |_|_| |_\__, | / / / /
 =========|_|==============|___/=/_/_/_/

 :: Spring Boot ::                (v3.3.5)

2024-11-21T11:15:30.127-05:00  INFO 15208 --- [student-survey] [           main] p.e.s.StudentSurveyApplicationTests      : Starting StudentSurveyApplicationTests using Java 23.0.1 with PID 15208 (started by kalya in C:\Users\kalya\studentsurvey-microservices)
2024-11-21T11:15:30.128-05:00  INFO 15208 --- [student-survey] [           main] p.e.s.StudentSurveyApplicationTests      : No active profile set, falling back to 1 default profile: "default"
2024-11-21T11:15:30.952-05:00  INFO 15208 --- [student-survey] [           main] .s.d.r.c.RepositoryConfigurationDelegate : Bootstrapping Spring Data JPA repositories in DEFAULT mode.
2024-11-21T11:15:30.988-05:00  INFO 15208 --- [student-survey] [           main] .s.d.r.c.RepositoryConfigurationDelegate : Finished Spring Data repository scanning in 29 ms. Found 1 JPA repository interface.
2024-11-21T11:15:31.648-05:00  INFO 15208 --- [student-survey] [           main] o.hibernate.jpa.internal.util.LogHelper  : HHH000204: Processing PersistenceUnitInfo [name: default]
2024-11-21T11:15:31.720-05:00  INFO 15208 --- [student-survey] [           main] org.hibernate.Version                    : HHH000412: Hibernate ORM core version 6.5.3.Final
2024-11-21T11:15:31.757-05:00  INFO 15208 --- [student-survey] [           main] o.h.c.internal.RegionFactoryInitiator    : HHH000026: Second-level cache disabled
2024-11-21T11:15:32.123-05:00  INFO 15208 --- [student-survey] [           main] o.s.o.j.p.SpringPersistenceUnitInfo      : No LoadTimeWeaver setup: ignoring JPA class transformer
2024-11-21T11:15:32.173-05:00  INFO 15208 --- [student-survey] [           main] com.zaxxer.hikari.HikariDataSource       : HikariPool-1 - Starting...
2024-11-21T11:15:32.837-05:00  INFO 15208 --- [student-survey] [           main] com.zaxxer.hikari.pool.HikariPool        : HikariPool-1 - Added connection com.mysql.cj.jdbc.ConnectionImpl@483b7dc4
2024-11-21T11:15:32.842-05:00  INFO 15208 --- [student-survey] [           main] com.zaxxer.hikari.HikariDataSource       : HikariPool-1 - Start completed.
2024-11-21T11:15:32.974-05:00  WARN 15208 --- [student-survey] [           main] org.hibernate.orm.deprecation            : HHH90000025: MySQL8Dialect does not need to be specified explicitly using 'hibernate.dialect' (remove the property setting and it will be selected by default)
2024-11-21T11:15:32.975-05:00  WARN 15208 --- [student-survey] [           main] org.hibernate.orm.deprecation            : HHH90000026: MySQL8Dialect has been deprecated; use org.hibernate.dialect.MySQLDialect instead
2024-11-21T11:15:33.740-05:00  INFO 15208 --- [student-survey] [           main] o.h.e.t.j.p.i.JtaPlatformInitiator       : HHH000489: No JTA platform available (set 'hibernate.transaction.jta.platform' to enable JTA platform integration)
2024-11-21T11:15:33.846-05:00  INFO 15208 --- [student-survey] [           main] j.LocalContainerEntityManagerFactoryBean : Initialized JPA EntityManagerFactory for persistence unit 'default'
2024-11-21T11:15:34.455-05:00  WARN 15208 --- [student-survey] [           main] JpaBaseConfiguration$JpaWebConfiguration : spring.jpa.open-in-view is enabled by default. Therefore, database queries may be performed during view rendering. Explicitly configure spring.jpa.open-in-view to disable this warning
2024-11-21T11:15:34.985-05:00  INFO 15208 --- [student-survey] [           main] p.e.s.StudentSurveyApplicationTests      : Started StudentSurveyApplicationTests in 5.163 seconds (process running for 6.826)
]]></system-out>
    <system-err><![CDATA[WARNING: A Java agent has been loaded dynamically (C:\Users\kalya\.m2\repository\net\bytebuddy\byte-buddy-agent\1.14.19\byte-buddy-agent-1.14.19.jar)
WARNING: If a serviceability tool is in use, please run with -XX:+EnableDynamicAgentLoading to hide this warning
WARNING: If a serviceability tool is not in use, please run with -Djdk.instrument.traceUsage for more information
WARNING: Dynamic loading of agents will be disallowed by default in a future release
]]></system-err>
  </testcase>
</testsuite>